<?xml version="1.0" encoding="UTF-8"?>
<!-- Generated by org.testng.reporters.JUnitReportReporter -->
<testsuite skipped="0" hostname="IB-Pune-LAP-356" name="testForEcommerse.TestCaseForTheEcom" tests="4" failures="0" timestamp="2023-01-11T11:26:14 IST" time="8.766" errors="0">
  <testcase name="testForAPI" time="7.209" classname="testForEcommerse.TestCaseForTheEcom"/>
  <system-out/>
  <testcase name="createProduct" time="0.653" classname="testForEcommerse.TestCaseForTheEcom"/>
  <system-out/>
  <testcase name="placeOrder" time="0.383" classname="testForEcommerse.TestCaseForTheEcom"/>
  <system-out/>
  <testcase name="delete" time="0.521" classname="testForEcommerse.TestCaseForTheEcom"/>
  <system-out/>
</testsuite> <!-- testForEcommerse.TestCaseForTheEcom -->
